[0.007s] Invoking command in '/home/bunny/dev_ws/build/diffdrive_arduino': CMAKE_PREFIX_PATH=/home/bunny/dev_ws/install/serial:/home/bunny/dev_ws/install/ros2_control_test_assets:/home/bunny/dev_ws/install/controller_manager_msgs:/home/bunny/dev_ws/install/diffdrive_arduino:/home/bunny/dev_ws/install/articubot_one:/opt/ros/humble /usr/bin/cmake --build /home/bunny/dev_ws/build/diffdrive_arduino -- -j12 -l12
[0.087s] [35m[1mConsolidate compiler generated dependencies of target diffdrive_arduino[0m
[0.104s] [100%] Built target diffdrive_arduino
[0.115s] Invoked command in '/home/bunny/dev_ws/build/diffdrive_arduino' returned '0': CMAKE_PREFIX_PATH=/home/bunny/dev_ws/install/serial:/home/bunny/dev_ws/install/ros2_control_test_assets:/home/bunny/dev_ws/install/controller_manager_msgs:/home/bunny/dev_ws/install/diffdrive_arduino:/home/bunny/dev_ws/install/articubot_one:/opt/ros/humble /usr/bin/cmake --build /home/bunny/dev_ws/build/diffdrive_arduino -- -j12 -l12
[0.117s] Invoking command in '/home/bunny/dev_ws/build/diffdrive_arduino': CMAKE_PREFIX_PATH=/home/bunny/dev_ws/install/serial:/home/bunny/dev_ws/install/ros2_control_test_assets:/home/bunny/dev_ws/install/controller_manager_msgs:/home/bunny/dev_ws/install/diffdrive_arduino:/home/bunny/dev_ws/install/articubot_one:/opt/ros/humble /usr/bin/cmake --install /home/bunny/dev_ws/build/diffdrive_arduino
[0.124s] -- Install configuration: ""
[0.124s] -- Up-to-date: /home/bunny/dev_ws/install/diffdrive_arduino/share/diffdrive_arduino/robot_hardware.xml
[0.124s] -- Up-to-date: /home/bunny/dev_ws/install/diffdrive_arduino/lib/libdiffdrive_arduino.so
[0.124s] -- Up-to-date: /home/bunny/dev_ws/install/diffdrive_arduino/share/diffdrive_arduino/controllers
[0.124s] -- Up-to-date: /home/bunny/dev_ws/install/diffdrive_arduino/share/diffdrive_arduino/controllers/robot_controller_example.yaml
[0.124s] -- Up-to-date: /home/bunny/dev_ws/install/diffdrive_arduino/share/diffdrive_arduino
[0.124s] -- Up-to-date: /home/bunny/dev_ws/install/diffdrive_arduino/share/diffdrive_arduino/test_robot.launch.py
[0.124s] -- Up-to-date: /home/bunny/dev_ws/install/diffdrive_arduino/share/diffdrive_arduino/environment/library_path.sh
[0.124s] -- Up-to-date: /home/bunny/dev_ws/install/diffdrive_arduino/share/diffdrive_arduino/environment/library_path.dsv
[0.124s] -- Up-to-date: /home/bunny/dev_ws/install/diffdrive_arduino/share/ament_index/resource_index/package_run_dependencies/diffdrive_arduino
[0.124s] -- Up-to-date: /home/bunny/dev_ws/install/diffdrive_arduino/share/ament_index/resource_index/parent_prefix_path/diffdrive_arduino
[0.124s] -- Up-to-date: /home/bunny/dev_ws/install/diffdrive_arduino/share/diffdrive_arduino/environment/ament_prefix_path.sh
[0.124s] -- Up-to-date: /home/bunny/dev_ws/install/diffdrive_arduino/share/diffdrive_arduino/environment/ament_prefix_path.dsv
[0.124s] -- Up-to-date: /home/bunny/dev_ws/install/diffdrive_arduino/share/diffdrive_arduino/environment/path.sh
[0.125s] -- Up-to-date: /home/bunny/dev_ws/install/diffdrive_arduino/share/diffdrive_arduino/environment/path.dsv
[0.125s] -- Up-to-date: /home/bunny/dev_ws/install/diffdrive_arduino/share/diffdrive_arduino/local_setup.bash
[0.125s] -- Up-to-date: /home/bunny/dev_ws/install/diffdrive_arduino/share/diffdrive_arduino/local_setup.sh
[0.125s] -- Up-to-date: /home/bunny/dev_ws/install/diffdrive_arduino/share/diffdrive_arduino/local_setup.zsh
[0.125s] -- Up-to-date: /home/bunny/dev_ws/install/diffdrive_arduino/share/diffdrive_arduino/local_setup.dsv
[0.125s] -- Installing: /home/bunny/dev_ws/install/diffdrive_arduino/share/diffdrive_arduino/package.dsv
[0.125s] -- Up-to-date: /home/bunny/dev_ws/install/diffdrive_arduino/share/ament_index/resource_index/packages/diffdrive_arduino
[0.125s] -- Up-to-date: /home/bunny/dev_ws/install/diffdrive_arduino/share/ament_index/resource_index/hardware_interface__pluginlib__plugin/diffdrive_arduino
[0.125s] -- Up-to-date: /home/bunny/dev_ws/install/diffdrive_arduino/share/diffdrive_arduino/cmake/ament_cmake_export_libraries-extras.cmake
[0.125s] -- Up-to-date: /home/bunny/dev_ws/install/diffdrive_arduino/share/diffdrive_arduino/cmake/ament_cmake_export_dependencies-extras.cmake
[0.125s] -- Up-to-date: /home/bunny/dev_ws/install/diffdrive_arduino/share/diffdrive_arduino/cmake/diffdrive_arduinoConfig.cmake
[0.125s] -- Up-to-date: /home/bunny/dev_ws/install/diffdrive_arduino/share/diffdrive_arduino/cmake/diffdrive_arduinoConfig-version.cmake
[0.125s] -- Up-to-date: /home/bunny/dev_ws/install/diffdrive_arduino/share/diffdrive_arduino/package.xml
[0.126s] Invoked command in '/home/bunny/dev_ws/build/diffdrive_arduino' returned '0': CMAKE_PREFIX_PATH=/home/bunny/dev_ws/install/serial:/home/bunny/dev_ws/install/ros2_control_test_assets:/home/bunny/dev_ws/install/controller_manager_msgs:/home/bunny/dev_ws/install/diffdrive_arduino:/home/bunny/dev_ws/install/articubot_one:/opt/ros/humble /usr/bin/cmake --install /home/bunny/dev_ws/build/diffdrive_arduino
