[0.008s] Invoking command in '/home/bunny/dev_ws/build/serial': CMAKE_PREFIX_PATH=${CMAKE_PREFIX_PATH}:/opt/ros/humble /usr/bin/cmake /home/bunny/dev_ws/src/serial -DCMAKE_INSTALL_PREFIX=/home/bunny/dev_ws/install/serial
[0.071s] -- The C compiler identification is GNU 11.4.0
[0.114s] -- The CXX compiler identification is GNU 11.4.0
[0.119s] -- Detecting C compiler ABI info
[0.175s] -- Detecting C compiler ABI info - done
[0.181s] -- Check for working C compiler: /usr/bin/cc - skipped
[0.181s] -- Detecting C compile features
[0.181s] -- Detecting C compile features - done
[0.183s] -- Detecting CXX compiler ABI info
[0.245s] -- Detecting CXX compiler ABI info - done
[0.249s] -- Check for working CXX compiler: /usr/bin/c++ - skipped
[0.250s] -- Detecting CXX compile features
[0.250s] -- Detecting CXX compile features - done
[0.251s] -- Found ament_cmake: 1.3.11 (/opt/ros/humble/share/ament_cmake/cmake)
[0.374s] -- Found Python3: /usr/bin/python3 (found version "3.10.12") found components: Interpreter 
[0.432s] -- Found ament_cmake_gtest: 1.3.11 (/opt/ros/humble/share/ament_cmake_gtest/cmake)
[0.436s] -- Found Boost: /usr/lib/x86_64-linux-gnu/cmake/Boost-1.74.0/BoostConfig.cmake (found version "1.74.0")  
[0.438s] -- Found gtest sources under '/opt/ros/humble/src/gtest_vendor': C++ tests using 'Google Test' will be built
[0.439s] -- Looking for pthread.h
[0.497s] -- Looking for pthread.h - found
[0.497s] -- Performing Test CMAKE_HAVE_LIBC_PTHREAD
[0.558s] -- Performing Test CMAKE_HAVE_LIBC_PTHREAD - Success
[0.559s] -- Found Threads: TRUE  
[0.606s] -- Configuring done
[0.612s] -- Generating done
[0.614s] -- Build files have been written to: /home/bunny/dev_ws/build/serial
[0.618s] Invoked command in '/home/bunny/dev_ws/build/serial' returned '0': CMAKE_PREFIX_PATH=${CMAKE_PREFIX_PATH}:/opt/ros/humble /usr/bin/cmake /home/bunny/dev_ws/src/serial -DCMAKE_INSTALL_PREFIX=/home/bunny/dev_ws/install/serial
[0.619s] Invoking command in '/home/bunny/dev_ws/build/serial': CMAKE_PREFIX_PATH=${CMAKE_PREFIX_PATH}:/opt/ros/humble /usr/bin/cmake --build /home/bunny/dev_ws/build/serial -- -j12 -l12
[0.698s] [ 14%] [32mBuilding CXX object CMakeFiles/serial.dir/src/impl/unix.cc.o[0m
[0.698s] [ 14%] [32mBuilding CXX object CMakeFiles/serial.dir/src/impl/list_ports/list_ports_linux.cc.o[0m
[0.699s] [ 21%] [32mBuilding CXX object gtest/CMakeFiles/gtest_main.dir/src/gtest_main.cc.o[0m
[0.700s] [ 28%] [32mBuilding CXX object gtest/CMakeFiles/gtest.dir/src/gtest-all.cc.o[0m
[0.705s] [ 35%] [32mBuilding CXX object CMakeFiles/serial.dir/src/serial.cc.o[0m
[1.116s] [ 42%] [32m[1mLinking CXX static library libserial.a[0m
[1.145s] [ 42%] Built target serial
[1.167s] [ 50%] [32mBuilding CXX object CMakeFiles/serial_example.dir/examples/serial_example.cc.o[0m
[1.290s] [ 57%] [32m[1mLinking CXX static library libgtest_main.a[0m
[1.324s] [ 57%] Built target gtest_main
[1.382s] [ 64%] [32m[1mLinking CXX executable serial_example[0m
[1.447s] [ 64%] Built target serial_example
[2.717s] [ 71%] [32m[1mLinking CXX static library libgtest.a[0m
[2.791s] [ 71%] Built target gtest
[2.821s] [ 78%] [32mBuilding CXX object tests/CMakeFiles/serial-test.dir/unix_serial_tests.cc.o[0m
[2.824s] [ 85%] [32mBuilding CXX object tests/CMakeFiles/serial-test-timer.dir/unit/unix_timer_tests.cc.o[0m
[3.367s] In file included from [01m[K/usr/include/boost/bind.hpp:30[m[K,
[3.368s]                  from [01m[K/home/bunny/dev_ws/src/serial/tests/unix_serial_tests.cc:23[m[K:
[3.368s] [01m[K/usr/include/boost/bind.hpp:36:1:[m[K [01;36m[Knote: [m[K‘[01m[K#pragma message: The practice of declaring the Bind placeholders (_1, _2, ...) in the global namespace is deprecated. Please use <boost/bind/bind.hpp> + using namespace boost::placeholders, or define BOOST_BIND_GLOBAL_PLACEHOLDERS to retain the current behavior.[m[K’
[3.368s]    36 | [01;36m[KBOOST_PRAGMA_MESSAGE[m[K(
[3.368s]       | [01;36m[K^~~~~~~~~~~~~~~~~~~~[m[K
[3.430s] [ 92%] [32m[1mLinking CXX executable serial-test-timer[0m
[3.506s] [100%] [32m[1mLinking CXX executable serial-test[0m
[3.524s] [100%] Built target serial-test-timer
[3.604s] [100%] Built target serial-test
[3.614s] Invoked command in '/home/bunny/dev_ws/build/serial' returned '0': CMAKE_PREFIX_PATH=${CMAKE_PREFIX_PATH}:/opt/ros/humble /usr/bin/cmake --build /home/bunny/dev_ws/build/serial -- -j12 -l12
[3.616s] Invoking command in '/home/bunny/dev_ws/build/serial': CMAKE_PREFIX_PATH=${CMAKE_PREFIX_PATH}:/opt/ros/humble /usr/bin/cmake --install /home/bunny/dev_ws/build/serial
[3.627s] -- Install configuration: ""
[3.628s] -- Installing: /home/bunny/dev_ws/install/serial/lib/libserial.a
[3.629s] -- Installing: /home/bunny/dev_ws/install/serial/include/serial/serial.h
[3.629s] -- Installing: /home/bunny/dev_ws/install/serial/include/serial/v8stdint.h
[3.630s] -- Installing: /home/bunny/dev_ws/install/serial/share/serial/environment/library_path.sh
[3.630s] -- Installing: /home/bunny/dev_ws/install/serial/share/serial/environment/library_path.dsv
[3.630s] -- Installing: /home/bunny/dev_ws/install/serial/share/ament_index/resource_index/package_run_dependencies/serial
[3.631s] -- Installing: /home/bunny/dev_ws/install/serial/share/ament_index/resource_index/parent_prefix_path/serial
[3.631s] -- Installing: /home/bunny/dev_ws/install/serial/share/serial/environment/ament_prefix_path.sh
[3.631s] -- Installing: /home/bunny/dev_ws/install/serial/share/serial/environment/ament_prefix_path.dsv
[3.631s] -- Installing: /home/bunny/dev_ws/install/serial/share/serial/environment/path.sh
[3.632s] -- Installing: /home/bunny/dev_ws/install/serial/share/serial/environment/path.dsv
[3.632s] -- Installing: /home/bunny/dev_ws/install/serial/share/serial/local_setup.bash
[3.632s] -- Installing: /home/bunny/dev_ws/install/serial/share/serial/local_setup.sh
[3.632s] -- Installing: /home/bunny/dev_ws/install/serial/share/serial/local_setup.zsh
[3.632s] -- Installing: /home/bunny/dev_ws/install/serial/share/serial/local_setup.dsv
[3.632s] -- Installing: /home/bunny/dev_ws/install/serial/share/serial/package.dsv
[3.633s] -- Installing: /home/bunny/dev_ws/install/serial/share/ament_index/resource_index/packages/serial
[3.633s] -- Installing: /home/bunny/dev_ws/install/serial/share/serial/cmake/ament_cmake_export_include_directories-extras.cmake
[3.633s] -- Installing: /home/bunny/dev_ws/install/serial/share/serial/cmake/ament_cmake_export_libraries-extras.cmake
[3.633s] -- Installing: /home/bunny/dev_ws/install/serial/share/serial/cmake/serialConfig.cmake
[3.633s] -- Installing: /home/bunny/dev_ws/install/serial/share/serial/cmake/serialConfig-version.cmake
[3.634s] -- Installing: /home/bunny/dev_ws/install/serial/share/serial/package.xml
[3.635s] Invoked command in '/home/bunny/dev_ws/build/serial' returned '0': CMAKE_PREFIX_PATH=${CMAKE_PREFIX_PATH}:/opt/ros/humble /usr/bin/cmake --install /home/bunny/dev_ws/build/serial
