[0.010s] Invoking command in '/home/bunny/dev_ws/build/serial': CMAKE_PREFIX_PATH=${CMAKE_PREFIX_PATH}:/opt/ros/humble /usr/bin/cmake --build /home/bunny/dev_ws/build/serial -- -j12 -l12
[0.040s] [35m[1mConsolidate compiler generated dependencies of target gtest_main[0m
[0.040s] [35m[1mConsolidate compiler generated dependencies of target gtest[0m
[0.040s] [35m[1mConsolidate compiler generated dependencies of target serial[0m
[0.049s] [ 14%] Built target gtest
[0.051s] [ 42%] Built target serial
[0.052s] [ 57%] Built target gtest_main
[0.064s] [35m[1mConsolidate compiler generated dependencies of target serial_example[0m
[0.064s] [35m[1mConsolidate compiler generated dependencies of target serial-test[0m
[0.065s] [35m[1mConsolidate compiler generated dependencies of target serial-test-timer[0m
[0.071s] [ 71%] Built target serial_example
[0.075s] [ 85%] Built target serial-test
[0.079s] [100%] Built target serial-test-timer
[0.088s] Invoked command in '/home/bunny/dev_ws/build/serial' returned '0': CMAKE_PREFIX_PATH=${CMAKE_PREFIX_PATH}:/opt/ros/humble /usr/bin/cmake --build /home/bunny/dev_ws/build/serial -- -j12 -l12
[0.090s] Invoking command in '/home/bunny/dev_ws/build/serial': CMAKE_PREFIX_PATH=${CMAKE_PREFIX_PATH}:/opt/ros/humble /usr/bin/cmake --install /home/bunny/dev_ws/build/serial
[0.097s] -- Install configuration: ""
[0.097s] -- Up-to-date: /home/bunny/dev_ws/install/serial/lib/libserial.a
[0.097s] -- Up-to-date: /home/bunny/dev_ws/install/serial/include/serial/serial.h
[0.098s] -- Up-to-date: /home/bunny/dev_ws/install/serial/include/serial/v8stdint.h
[0.098s] -- Up-to-date: /home/bunny/dev_ws/install/serial/share/serial/environment/library_path.sh
[0.098s] -- Up-to-date: /home/bunny/dev_ws/install/serial/share/serial/environment/library_path.dsv
[0.098s] -- Up-to-date: /home/bunny/dev_ws/install/serial/share/ament_index/resource_index/package_run_dependencies/serial
[0.098s] -- Up-to-date: /home/bunny/dev_ws/install/serial/share/ament_index/resource_index/parent_prefix_path/serial
[0.098s] -- Up-to-date: /home/bunny/dev_ws/install/serial/share/serial/environment/ament_prefix_path.sh
[0.098s] -- Up-to-date: /home/bunny/dev_ws/install/serial/share/serial/environment/ament_prefix_path.dsv
[0.098s] -- Up-to-date: /home/bunny/dev_ws/install/serial/share/serial/environment/path.sh
[0.098s] -- Up-to-date: /home/bunny/dev_ws/install/serial/share/serial/environment/path.dsv
[0.098s] -- Up-to-date: /home/bunny/dev_ws/install/serial/share/serial/local_setup.bash
[0.098s] -- Up-to-date: /home/bunny/dev_ws/install/serial/share/serial/local_setup.sh
[0.098s] -- Up-to-date: /home/bunny/dev_ws/install/serial/share/serial/local_setup.zsh
[0.098s] -- Up-to-date: /home/bunny/dev_ws/install/serial/share/serial/local_setup.dsv
[0.098s] -- Installing: /home/bunny/dev_ws/install/serial/share/serial/package.dsv
[0.099s] -- Up-to-date: /home/bunny/dev_ws/install/serial/share/ament_index/resource_index/packages/serial
[0.099s] -- Up-to-date: /home/bunny/dev_ws/install/serial/share/serial/cmake/ament_cmake_export_include_directories-extras.cmake
[0.099s] -- Up-to-date: /home/bunny/dev_ws/install/serial/share/serial/cmake/ament_cmake_export_libraries-extras.cmake
[0.099s] -- Up-to-date: /home/bunny/dev_ws/install/serial/share/serial/cmake/serialConfig.cmake
[0.099s] -- Up-to-date: /home/bunny/dev_ws/install/serial/share/serial/cmake/serialConfig-version.cmake
[0.099s] -- Up-to-date: /home/bunny/dev_ws/install/serial/share/serial/package.xml
[0.101s] Invoked command in '/home/bunny/dev_ws/build/serial' returned '0': CMAKE_PREFIX_PATH=${CMAKE_PREFIX_PATH}:/opt/ros/humble /usr/bin/cmake --install /home/bunny/dev_ws/build/serial
