[0.011s] Invoking command in '/home/bunny/dev_ws/build/diffdrive_arduino': CMAKE_PREFIX_PATH=/home/bunny/dev_ws/install/serial:/home/bunny/dev_ws/install/ros2_control_test_assets:/home/bunny/dev_ws/install/controller_manager_msgs:/home/bunny/dev_ws/install/diffdrive_arduino:/home/bunny/dev_ws/install/articubot_one:/opt/ros/humble /usr/bin/cmake /home/bunny/dev_ws/src/diffdrive_arduino -DCMAKE_INSTALL_PREFIX=/home/bunny/dev_ws/install/diffdrive_arduino
[0.115s] -- The C compiler identification is GNU 11.4.0
[0.174s] -- The CXX compiler identification is GNU 11.4.0
[0.180s] -- Detecting C compiler ABI info
[0.310s] -- Detecting C compiler ABI info - done
[0.315s] -- Check for working C compiler: /usr/bin/cc - skipped
[0.315s] -- Detecting C compile features
[0.316s] -- Detecting C compile features - done
[0.319s] -- Detecting CXX compiler ABI info
[0.416s] -- Detecting CXX compiler ABI info - done
[0.424s] -- Check for working CXX compiler: /usr/bin/c++ - skipped
[0.424s] -- Detecting CXX compile features
[0.424s] -- Detecting CXX compile features - done
[0.426s] -- Found ament_cmake: 1.3.11 (/opt/ros/humble/share/ament_cmake/cmake)
[0.545s] -- Found Python3: /usr/bin/python3 (found version "3.10.12") found components: Interpreter 
[0.622s] -- Found serial: 1.2.1 (/home/bunny/dev_ws/install/serial/share/serial/cmake)
[0.628s] -- Found hardware_interface: 2.44.0 (/opt/ros/humble/share/hardware_interface/cmake)
[0.655s] -- Found rosidl_generator_c: 3.1.6 (/opt/ros/humble/share/rosidl_generator_c/cmake)
[0.658s] -- Found rosidl_adapter: 3.1.6 (/opt/ros/humble/share/rosidl_adapter/cmake)
[0.663s] -- Found rosidl_generator_cpp: 3.1.6 (/opt/ros/humble/share/rosidl_generator_cpp/cmake)
[0.674s] -- Using all available rosidl_typesupport_c: rosidl_typesupport_fastrtps_c;rosidl_typesupport_introspection_c
[0.691s] -- Using all available rosidl_typesupport_cpp: rosidl_typesupport_fastrtps_cpp;rosidl_typesupport_introspection_cpp
[0.825s] -- Found rmw_implementation_cmake: 6.1.2 (/opt/ros/humble/share/rmw_implementation_cmake/cmake)
[0.826s] -- Found rmw_fastrtps_cpp: 6.2.7 (/opt/ros/humble/share/rmw_fastrtps_cpp/cmake)
[0.842s] -- Found TinyXML2 via Config file: TinyXML2_DIR-NOTFOUND
[0.956s] -- Found OpenSSL: /usr/lib/x86_64-linux-gnu/libcrypto.so (found version "3.0.2")  
[0.960s] -- Found TinyXML2 via Config file: TinyXML2_DIR-NOTFOUND
[0.974s] -- Found FastRTPS: /opt/ros/humble/include  
[0.976s] -- Found TinyXML2 via Config file: TinyXML2_DIR-NOTFOUND
[0.982s] -- Found TinyXML2 via Config file: TinyXML2_DIR-NOTFOUND
[0.994s] -- Using RMW implementation 'rmw_fastrtps_cpp' as default
[0.999s] -- Looking for pthread.h
[1.069s] -- Looking for pthread.h - found
[1.069s] -- Performing Test CMAKE_HAVE_LIBC_PTHREAD
[1.186s] -- Performing Test CMAKE_HAVE_LIBC_PTHREAD - Success
[1.188s] -- Found Threads: TRUE  
[1.224s] -- Found controller_manager: 2.44.0 (/opt/ros/humble/share/controller_manager/cmake)
[1.308s] -- Configuring done
[1.323s] -- Generating done
[1.327s] -- Build files have been written to: /home/bunny/dev_ws/build/diffdrive_arduino
[1.334s] Invoked command in '/home/bunny/dev_ws/build/diffdrive_arduino' returned '0': CMAKE_PREFIX_PATH=/home/bunny/dev_ws/install/serial:/home/bunny/dev_ws/install/ros2_control_test_assets:/home/bunny/dev_ws/install/controller_manager_msgs:/home/bunny/dev_ws/install/diffdrive_arduino:/home/bunny/dev_ws/install/articubot_one:/opt/ros/humble /usr/bin/cmake /home/bunny/dev_ws/src/diffdrive_arduino -DCMAKE_INSTALL_PREFIX=/home/bunny/dev_ws/install/diffdrive_arduino
[1.335s] Invoking command in '/home/bunny/dev_ws/build/diffdrive_arduino': CMAKE_PREFIX_PATH=/home/bunny/dev_ws/install/serial:/home/bunny/dev_ws/install/ros2_control_test_assets:/home/bunny/dev_ws/install/controller_manager_msgs:/home/bunny/dev_ws/install/diffdrive_arduino:/home/bunny/dev_ws/install/articubot_one:/opt/ros/humble /usr/bin/cmake --build /home/bunny/dev_ws/build/diffdrive_arduino -- -j12 -l12
[1.411s] [ 25%] [32mBuilding CXX object CMakeFiles/diffdrive_arduino.dir/src/wheel.cpp.o[0m
[1.412s] [ 50%] [32mBuilding CXX object CMakeFiles/diffdrive_arduino.dir/src/arduino_comms.cpp.o[0m
[1.412s] [ 75%] [32mBuilding CXX object CMakeFiles/diffdrive_arduino.dir/src/diffdrive_arduino.cpp.o[0m
[3.582s] [100%] [32m[1mLinking CXX shared library libdiffdrive_arduino.so[0m
[3.727s] [100%] Built target diffdrive_arduino
[3.739s] Invoked command in '/home/bunny/dev_ws/build/diffdrive_arduino' returned '0': CMAKE_PREFIX_PATH=/home/bunny/dev_ws/install/serial:/home/bunny/dev_ws/install/ros2_control_test_assets:/home/bunny/dev_ws/install/controller_manager_msgs:/home/bunny/dev_ws/install/diffdrive_arduino:/home/bunny/dev_ws/install/articubot_one:/opt/ros/humble /usr/bin/cmake --build /home/bunny/dev_ws/build/diffdrive_arduino -- -j12 -l12
[3.741s] Invoking command in '/home/bunny/dev_ws/build/diffdrive_arduino': CMAKE_PREFIX_PATH=/home/bunny/dev_ws/install/serial:/home/bunny/dev_ws/install/ros2_control_test_assets:/home/bunny/dev_ws/install/controller_manager_msgs:/home/bunny/dev_ws/install/diffdrive_arduino:/home/bunny/dev_ws/install/articubot_one:/opt/ros/humble /usr/bin/cmake --install /home/bunny/dev_ws/build/diffdrive_arduino
[3.757s] -- Install configuration: ""
[3.757s] -- Installing: /home/bunny/dev_ws/install/diffdrive_arduino/share/diffdrive_arduino/robot_hardware.xml
[3.758s] -- Installing: /home/bunny/dev_ws/install/diffdrive_arduino/lib/libdiffdrive_arduino.so
[3.759s] -- Set runtime path of "/home/bunny/dev_ws/install/diffdrive_arduino/lib/libdiffdrive_arduino.so" to ""
[3.759s] -- Installing: /home/bunny/dev_ws/install/diffdrive_arduino/share/diffdrive_arduino/controllers
[3.760s] -- Installing: /home/bunny/dev_ws/install/diffdrive_arduino/share/diffdrive_arduino/controllers/robot_controller_example.yaml
[3.760s] -- Up-to-date: /home/bunny/dev_ws/install/diffdrive_arduino/share/diffdrive_arduino
[3.760s] -- Installing: /home/bunny/dev_ws/install/diffdrive_arduino/share/diffdrive_arduino/test_robot.launch.py
[3.760s] -- Installing: /home/bunny/dev_ws/install/diffdrive_arduino/share/diffdrive_arduino/environment/library_path.sh
[3.760s] -- Installing: /home/bunny/dev_ws/install/diffdrive_arduino/share/diffdrive_arduino/environment/library_path.dsv
[3.760s] -- Installing: /home/bunny/dev_ws/install/diffdrive_arduino/share/ament_index/resource_index/package_run_dependencies/diffdrive_arduino
[3.760s] -- Installing: /home/bunny/dev_ws/install/diffdrive_arduino/share/ament_index/resource_index/parent_prefix_path/diffdrive_arduino
[3.760s] -- Installing: /home/bunny/dev_ws/install/diffdrive_arduino/share/diffdrive_arduino/environment/ament_prefix_path.sh
[3.760s] -- Installing: /home/bunny/dev_ws/install/diffdrive_arduino/share/diffdrive_arduino/environment/ament_prefix_path.dsv
[3.761s] -- Installing: /home/bunny/dev_ws/install/diffdrive_arduino/share/diffdrive_arduino/environment/path.sh
[3.761s] -- Installing: /home/bunny/dev_ws/install/diffdrive_arduino/share/diffdrive_arduino/environment/path.dsv
[3.761s] -- Installing: /home/bunny/dev_ws/install/diffdrive_arduino/share/diffdrive_arduino/local_setup.bash
[3.761s] -- Installing: /home/bunny/dev_ws/install/diffdrive_arduino/share/diffdrive_arduino/local_setup.sh
[3.761s] -- Installing: /home/bunny/dev_ws/install/diffdrive_arduino/share/diffdrive_arduino/local_setup.zsh
[3.761s] -- Installing: /home/bunny/dev_ws/install/diffdrive_arduino/share/diffdrive_arduino/local_setup.dsv
[3.761s] -- Installing: /home/bunny/dev_ws/install/diffdrive_arduino/share/diffdrive_arduino/package.dsv
[3.761s] -- Installing: /home/bunny/dev_ws/install/diffdrive_arduino/share/ament_index/resource_index/packages/diffdrive_arduino
[3.761s] -- Installing: /home/bunny/dev_ws/install/diffdrive_arduino/share/ament_index/resource_index/hardware_interface__pluginlib__plugin/diffdrive_arduino
[3.761s] -- Installing: /home/bunny/dev_ws/install/diffdrive_arduino/share/diffdrive_arduino/cmake/ament_cmake_export_libraries-extras.cmake
[3.762s] -- Installing: /home/bunny/dev_ws/install/diffdrive_arduino/share/diffdrive_arduino/cmake/ament_cmake_export_dependencies-extras.cmake
[3.762s] -- Installing: /home/bunny/dev_ws/install/diffdrive_arduino/share/diffdrive_arduino/cmake/diffdrive_arduinoConfig.cmake
[3.762s] -- Installing: /home/bunny/dev_ws/install/diffdrive_arduino/share/diffdrive_arduino/cmake/diffdrive_arduinoConfig-version.cmake
[3.762s] -- Installing: /home/bunny/dev_ws/install/diffdrive_arduino/share/diffdrive_arduino/package.xml
[3.764s] Invoked command in '/home/bunny/dev_ws/build/diffdrive_arduino' returned '0': CMAKE_PREFIX_PATH=/home/bunny/dev_ws/install/serial:/home/bunny/dev_ws/install/ros2_control_test_assets:/home/bunny/dev_ws/install/controller_manager_msgs:/home/bunny/dev_ws/install/diffdrive_arduino:/home/bunny/dev_ws/install/articubot_one:/opt/ros/humble /usr/bin/cmake --install /home/bunny/dev_ws/build/diffdrive_arduino
